<?xml version="1.0" encoding="UTF-8"?>
<!-- Generated by org.testng.reporters.JUnitReportReporter -->
<testsuite skipped="0" hostname="INBAN-2VSVH32" name="testScripts.scenario1" tests="1" failures="0" timestamp="12 Sep 2018 10:21:16 GMT" time="0.018" errors="0">
  <testcase name="scenarioOne" time="0.018" classname="testScripts.scenario1"/>
</testsuite> <!-- testScripts.scenario1 -->
