<?xml version="1.0" encoding="UTF-8"?>
<!-- Generated by org.testng.reporters.JUnitReportReporter -->
<testsuite skipped="0" hostname="INBAN-2VSVH32" name="testScripts.imdb" tests="1" failures="0" timestamp="12 Sep 2018 09:43:45 GMT" time="6.405" errors="0">
  <testcase name="getTop250MoviesNamesBasedOnRatings" time="6.405" classname="testScripts.imdb"/>
</testsuite> <!-- testScripts.imdb -->
