<?xml version="1.0" encoding="UTF-8"?>
<!-- Generated by org.testng.reporters.JUnitReportReporter -->
<testsuite skipped="0" hostname="INBAN-2VSVH32" name="testScripts.scenario3" tests="1" failures="0" timestamp="12 Sep 2018 10:26:25 GMT" time="59.813" errors="0">
  <testcase name="scenarioThree" time="59.813" classname="testScripts.scenario3"/>
</testsuite> <!-- testScripts.scenario3 -->
