<?xml version="1.0" encoding="UTF-8"?>
<!-- Generated by org.testng.reporters.JUnitReportReporter -->
<testsuite skipped="0" hostname="INBAN-2VSVH32" name="testScripts.scenario4" tests="1" failures="0" timestamp="12 Sep 2018 10:26:25 GMT" time="0.023" errors="0">
  <testcase name="scenarioFour" time="0.023" classname="testScripts.scenario4"/>
</testsuite> <!-- testScripts.scenario4 -->
