<?xml version="1.0" encoding="UTF-8"?>
<!-- Generated by org.testng.reporters.JUnitReportReporter -->
<testsuite skipped="0" hostname="INBAN-2VSVH32" name="testScripts.scenario2" tests="1" failures="0" timestamp="12 Sep 2018 10:21:16 GMT" time="5.287" errors="0">
  <testcase name="scenarioTwo" time="5.287" classname="testScripts.scenario2"/>
</testsuite> <!-- testScripts.scenario2 -->
